<?xml version="1.0" encoding="UTF-8"?>
<!-- Generated by org.testng.reporters.JUnitReportReporter -->
<testsuite hostname="LAPTOP-LITN17IS" failures="0" tests="1" name="WebElementConcept.getLocationTest" time="56.502" errors="0" timestamp="2025-08-04T15:50:34 IST" skipped="0">
  <testcase classname="WebElementConcept.getLocationTest" name="getlocationTest" time="56.502"/>
  <system-out/>
</testsuite> <!-- WebElementConcept.getLocationTest -->
