<?xml version="1.0" encoding="UTF-8"?>
<!-- Generated by org.testng.reporters.JUnitReportReporter -->
<testsuite hostname="LAPTOP-LITN17IS" failures="0" tests="1" name="WebElementConcept.getRectTest" time="32.428" errors="0" timestamp="2025-08-04T15:56:59 IST" skipped="0">
  <testcase classname="WebElementConcept.getRectTest" name="getrectTest" time="32.428"/>
  <system-out/>
</testsuite> <!-- WebElementConcept.getRectTest -->
