<?xml version="1.0" encoding="UTF-8"?>
<!-- Generated by org.testng.reporters.JUnitReportReporter -->
<testsuite hostname="LAPTOP-LITN17IS" failures="0" tests="1" name="JavascriptExecutor_conecpt.HiddenElement_JSE" time="12.083" errors="0" timestamp="2025-09-09T15:06:28 IST" skipped="0">
  <testcase classname="JavascriptExecutor_conecpt.HiddenElement_JSE" name="hiddenElement" time="12.083"/>
  <system-out/>
</testsuite> <!-- JavascriptExecutor_conecpt.HiddenElement_JSE -->
