<?xml version="1.0" encoding="UTF-8"?>
<!-- Generated by org.testng.reporters.JUnitReportReporter -->
<testsuite hostname="LAPTOP-LITN17IS" failures="0" tests="1" name="selectClassConcept.visibleTextTest" time="22.040" errors="0" timestamp="2025-08-11T15:59:06 IST" skipped="0">
  <testcase classname="selectClassConcept.visibleTextTest" name="IndexMultidropdownTest" time="22.040"/>
  <system-out/>
</testsuite> <!-- selectClassConcept.visibleTextTest -->
