<?xml version="1.0" encoding="UTF-8"?>
<!-- Generated by org.testng.reporters.JUnitReportReporter -->
<testsuite hostname="LAPTOP-LITN17IS" failures="0" tests="1" name="WebDriverConcept.title" time="7.242" errors="0" timestamp="2025-07-21T15:53:20 IST" skipped="0">
  <testcase classname="WebDriverConcept.title" name="urlTest" time="7.242"/>
  <system-out/>
</testsuite> <!-- WebDriverConcept.title -->
