<?xml version="1.0" encoding="UTF-8"?>
<!-- Generated by org.testng.reporters.JUnitReportReporter -->
<testsuite hostname="LAPTOP-LITN17IS" failures="0" tests="1" name="ActionsClassConcept.mouseActionsTest" time="9.849" errors="0" timestamp="2025-08-13T15:46:26 IST" skipped="0">
  <testcase classname="ActionsClassConcept.mouseActionsTest" name="doubleClickTest" time="9.849"/>
  <system-out/>
</testsuite> <!-- ActionsClassConcept.mouseActionsTest -->
