<?xml version="1.0" encoding="UTF-8"?>
<!-- Generated by org.testng.reporters.JUnitReportReporter -->
<testsuite hostname="LAPTOP-LITN17IS" failures="0" tests="5" name="TestNGconcept.applicationTest" time="54.749" errors="0" timestamp="2025-08-28T13:27:17 IST" skipped="0">
  <testcase classname="TestNGconcept.applicationTest" name="SwiggyTest" time="13.213"/>
  <system-out/>
  <testcase classname="TestNGconcept.applicationTest" name="FlipkartTest" time="9.653"/>
  <system-out/>
  <testcase classname="TestNGconcept.applicationTest" name="MyntraTest" time="11.197"/>
  <system-out/>
  <testcase classname="TestNGconcept.applicationTest" name="ZomatoTest" time="11.310"/>
  <system-out/>
  <testcase classname="TestNGconcept.applicationTest" name="AmazonTest" time="9.376"/>
  <system-out/>
</testsuite> <!-- TestNGconcept.applicationTest -->
