<?xml version="1.0" encoding="UTF-8"?>
<!-- Generated by org.testng.reporters.JUnitReportReporter -->
<testsuite hostname="LAPTOP-LITN17IS" failures="0" tests="1" name="WebDriverConcept.closeTest" time="4.329" errors="0" timestamp="2025-07-30T21:11:40 IST" skipped="0">
  <testcase classname="WebDriverConcept.closeTest" name="closeTest1" time="4.329"/>
  <system-out/>
</testsuite> <!-- WebDriverConcept.closeTest -->
