<?xml version="1.0" encoding="UTF-8"?>
<!-- Generated by org.testng.reporters.JUnitReportReporter -->
<testsuite hostname="LAPTOP-LITN17IS" failures="0" tests="1" name="takesScreenshot.webElementScreenshotTest" time="28.591" errors="0" timestamp="2025-08-11T14:56:33 IST" skipped="0">
  <testcase classname="takesScreenshot.webElementScreenshotTest" name="webElementSsTest" time="28.591"/>
  <system-out/>
</testsuite> <!-- takesScreenshot.webElementScreenshotTest -->
