<?xml version="1.0" encoding="UTF-8"?>
<!-- Generated by org.testng.reporters.JUnitReportReporter -->
<testsuite hostname="LAPTOP-LITN17IS" failures="0" tests="1" name="WebDriverConcept.pageSourceTest" time="11.447" errors="0" timestamp="2025-07-22T15:30:44 IST" skipped="0">
  <testcase classname="WebDriverConcept.pageSourceTest" name="getPageSourceTest" time="11.447"/>
  <system-out/>
</testsuite> <!-- WebDriverConcept.pageSourceTest -->
