<?xml version="1.0" encoding="UTF-8"?>
<!-- Generated by org.testng.reporters.JUnitReportReporter -->
<testsuite hostname="LAPTOP-LITN17IS" failures="0" tests="1" name="switchToConcept.MyntraTest" time="30.404" errors="0" timestamp="2025-08-22T11:41:27 IST" skipped="0">
  <testcase classname="switchToConcept.MyntraTest" name="addToCart" time="30.404"/>
  <system-out/>
</testsuite> <!-- switchToConcept.MyntraTest -->
