<?xml version="1.0" encoding="UTF-8"?>
<!-- Generated by org.testng.reporters.JUnitReportReporter -->
<testsuite hostname="LAPTOP-LITN17IS" failures="0" tests="1" name="SynchronizationConcept.myntraTest" time="37.165" errors="0" timestamp="2025-08-14T15:50:52 IST" skipped="0">
  <testcase classname="SynchronizationConcept.myntraTest" name="MyntraTest" time="37.165"/>
  <system-out/>
</testsuite> <!-- SynchronizationConcept.myntraTest -->
