<?xml version="1.0" encoding="UTF-8"?>
<!-- Generated by org.testng.reporters.JUnitReportReporter -->
<testsuite hostname="LAPTOP-LITN17IS" failures="0" tests="1" name="iframeConcept.basiciframeTest" time="19.516" errors="0" timestamp="2025-08-30T16:17:08 IST" skipped="0">
  <testcase classname="iframeConcept.basiciframeTest" name="iframeTest" time="19.516"/>
  <system-out/>
</testsuite> <!-- iframeConcept.basiciframeTest -->
