<?xml version="1.0" encoding="UTF-8"?>
<!-- Generated by org.testng.reporters.JUnitReportReporter -->
<testsuite hostname="LAPTOP-LITN17IS" failures="0" tests="1" name="WebElementConcept.enabledTest" time="10.233" errors="0" timestamp="2025-08-06T12:28:05 IST" skipped="0">
  <testcase classname="WebElementConcept.enabledTest" name="enableTest" time="10.233"/>
  <system-out/>
</testsuite> <!-- WebElementConcept.enabledTest -->
