<?xml version="1.0" encoding="UTF-8"?>
<!-- Generated by org.testng.reporters.JUnitReportReporter -->
<testsuite hostname="LAPTOP-LITN17IS" failures="0" tests="1" name="WebElementConcept.submitTest" time="11.303" errors="0" timestamp="2025-08-05T16:00:03 IST" skipped="0">
  <testcase classname="WebElementConcept.submitTest" name="SubmitTest" time="11.303"/>
  <system-out/>
</testsuite> <!-- WebElementConcept.submitTest -->
