<?xml version="1.0" encoding="UTF-8"?>
<!-- Generated by org.testng.reporters.JUnitReportReporter -->
<testsuite hostname="LAPTOP-LITN17IS" failures="0" tests="1" name="Basic.ReportTest" time="7.823" errors="0" timestamp="2025-08-26T17:07:02 IST" skipped="0">
  <testcase classname="Basic.ReportTest" name="Reportstest" time="7.823"/>
  <system-out/>
</testsuite> <!-- Basic.ReportTest -->
