<?xml version="1.0" encoding="UTF-8"?>
<!-- Generated by org.testng.reporters.JUnitReportReporter -->
<testsuite hostname="LAPTOP-LITN17IS" failures="0" tests="1" name="popupsConcept.fileUploadPopupTest" time="13.814" errors="0" timestamp="2025-09-03T11:43:37 IST" skipped="0">
  <testcase classname="popupsConcept.fileUploadPopupTest" name="FileUploadTest" time="13.814"/>
  <system-out/>
</testsuite> <!-- popupsConcept.fileUploadPopupTest -->
