<?xml version="1.0" encoding="UTF-8"?>
<!-- Generated by org.testng.reporters.JUnitReportReporter -->
<testsuite hostname="LAPTOP-LITN17IS" failures="0" tests="2" name="WebDriverConcept.getWindowHandleTest" time="42.847" errors="0" timestamp="2025-07-30T21:08:44 IST" skipped="0">
  <testcase classname="WebDriverConcept.getWindowHandleTest" name="getWindowsTest" time="20.384"/>
  <system-out/>
  <testcase classname="WebDriverConcept.getWindowHandleTest" name="getWindowTest" time="22.463"/>
  <system-out/>
</testsuite> <!-- WebDriverConcept.getWindowHandleTest -->
