<?xml version="1.0" encoding="UTF-8"?>
<!-- Generated by org.testng.reporters.JUnitReportReporter -->
<testsuite hostname="LAPTOP-LITN17IS" failures="0" tests="1" name="locatorsConcept.idTest" time="16.591" errors="0" timestamp="2025-07-25T00:01:35 IST" skipped="0">
  <testcase classname="locatorsConcept.idTest" name="GooglePagesTest" time="16.591"/>
  <system-out/>
</testsuite> <!-- locatorsConcept.idTest -->
