<?xml version="1.0" encoding="UTF-8"?>
<!-- Generated by org.testng.reporters.JUnitReportReporter -->
<testsuite hostname="LAPTOP-LITN17IS" failures="0" tests="1" name="task.MalaichaTest" time="21.934" errors="0" timestamp="2025-08-01T19:37:02 IST" skipped="0">
  <testcase classname="task.MalaichaTest" name="MalaichatfTest" time="21.934"/>
  <system-out/>
</testsuite> <!-- task.MalaichaTest -->
