<?xml version="1.0" encoding="UTF-8"?>
<!-- Generated by org.testng.reporters.JUnitReportReporter -->
<testsuite hostname="LAPTOP-LITN17IS" failures="0" tests="1" name="selectClassConcept.ValueTest" time="20.156" errors="0" timestamp="2025-08-11T16:01:41 IST" skipped="0">
  <testcase classname="selectClassConcept.ValueTest" name="valueMultidropdownTest" time="20.156"/>
  <system-out/>
</testsuite> <!-- selectClassConcept.ValueTest -->
