<?xml version="1.0" encoding="UTF-8"?>
<!-- Generated by org.testng.reporters.JUnitReportReporter -->
<testsuite hostname="LAPTOP-LITN17IS" failures="0" tests="1" name="popupsConcept.hiddenDivisionPopup" time="38.175" errors="0" timestamp="2025-09-03T14:56:06 IST" skipped="0">
  <testcase classname="popupsConcept.hiddenDivisionPopup" name="hiddenDivisionTest" time="38.175"/>
  <system-out/>
</testsuite> <!-- popupsConcept.hiddenDivisionPopup -->
