<?xml version="1.0" encoding="UTF-8"?>
<!-- Generated by org.testng.reporters.JUnitReportReporter -->
<testsuite hostname="LAPTOP-LITN17IS" failures="0" tests="3" name="task.tiraTest" time="82.129" errors="0" timestamp="2025-07-30T00:16:12 IST" skipped="0">
  <testcase classname="task.tiraTest" name="searchProductTest" time="34.762"/>
  <system-out/>
  <testcase classname="task.tiraTest" name="tiraPerfTest" time="31.127"/>
  <system-out/>
  <testcase classname="task.tiraTest" name="googleTest" time="16.240"/>
  <system-out/>
</testsuite> <!-- task.tiraTest -->
