<?xml version="1.0" encoding="UTF-8"?>
<!-- Generated by org.testng.reporters.JUnitReportReporter -->
<testsuite hostname="LAPTOP-LITN17IS" failures="0" tests="1" name="selectClassConcept.IndexTest" time="17.491" errors="0" timestamp="2025-08-11T15:41:16 IST" skipped="0">
  <testcase classname="selectClassConcept.IndexTest" name="IndexWebElementsTest" time="17.491"/>
  <system-out/>
</testsuite> <!-- selectClassConcept.IndexTest -->
