<?xml version="1.0" encoding="UTF-8"?>
<!-- Generated by org.testng.reporters.JUnitReportReporter -->
<testsuite hostname="LAPTOP-LITN17IS" failures="0" tests="3" name="TestNGconcept.applicationGroupTest" time="72.981" errors="0" timestamp="2025-08-30T13:32:40 IST" skipped="0">
  <testcase classname="TestNGconcept.applicationGroupTest" name="MyntraTest" time="13.957"/>
  <system-out/>
  <testcase classname="TestNGconcept.applicationGroupTest" name="FlipkartTest" time="24.308"/>
  <system-out/>
  <testcase classname="TestNGconcept.applicationGroupTest" name="AmazonTest" time="34.716"/>
  <system-out/>
</testsuite> <!-- TestNGconcept.applicationGroupTest -->
