<?xml version="1.0" encoding="UTF-8"?>
<!-- Generated by org.testng.reporters.JUnitReportReporter -->
<testsuite hostname="LAPTOP-LITN17IS" failures="0" tests="1" name="WebElementConcept.getTagnameTest" time="38.360" errors="0" timestamp="2025-08-04T15:27:43 IST" skipped="0">
  <testcase classname="WebElementConcept.getTagnameTest" name="getTagTest" time="38.360"/>
  <system-out/>
</testsuite> <!-- WebElementConcept.getTagnameTest -->
