<?xml version="1.0" encoding="UTF-8"?>
<!-- Generated by org.testng.reporters.JUnitReportReporter -->
<testsuite hostname="LAPTOP-LITN17IS" failures="0" tests="1" name="selectClassConcept.multipleElementTest" time="18.075" errors="0" timestamp="2025-08-12T15:20:26 IST" skipped="0">
  <testcase classname="selectClassConcept.multipleElementTest" name="singleWebElementTest" time="18.075"/>
  <system-out/>
</testsuite> <!-- selectClassConcept.multipleElementTest -->
