<?xml version="1.0" encoding="UTF-8"?>
<!-- Generated by org.testng.reporters.JUnitReportReporter -->
<testsuite hostname="LAPTOP-LITN17IS" failures="0" tests="1" name="POMconcept.BasePage" time="18.434" errors="0" timestamp="2025-09-04T22:05:26 IST" skipped="0">
  <testcase classname="POMconcept.BasePage" name="loginToApplication" time="18.434"/>
  <system-out/>
</testsuite> <!-- POMconcept.BasePage -->
