<?xml version="1.0" encoding="UTF-8"?>
<!-- Generated by org.testng.reporters.JUnitReportReporter -->
<testsuite hostname="LAPTOP-LITN17IS" failures="0" tests="1" name="DDT.ExcelFileTest" time="30.683" errors="0" timestamp="2025-08-22T15:25:09 IST" skipped="0">
  <testcase classname="DDT.ExcelFileTest" name="getDataFromExcelTest" time="30.683"/>
  <system-out/>
</testsuite> <!-- DDT.ExcelFileTest -->
