<?xml version="1.0" encoding="UTF-8"?>
<!-- Generated by org.testng.reporters.JUnitReportReporter -->
<testsuite hostname="LAPTOP-LITN17IS" failures="0" tests="1" name="JavascriptExecutor_conecpt.ScrollBy_JSExecutor" time="30.232" errors="0" timestamp="2025-09-08T15:10:21 IST" skipped="0">
  <testcase classname="JavascriptExecutor_conecpt.ScrollBy_JSExecutor" name="scrollBy_method" time="30.232"/>
  <system-out/>
</testsuite> <!-- JavascriptExecutor_conecpt.ScrollBy_JSExecutor -->
