<?xml version="1.0" encoding="UTF-8"?>
<!-- Generated by org.testng.reporters.JUnitReportReporter -->
<testsuite hostname="LAPTOP-LITN17IS" failures="0" tests="1" name="WebElementConcept.getTextTest" time="15.470" errors="0" timestamp="2025-08-06T15:10:22 IST" skipped="0">
  <testcase classname="WebElementConcept.getTextTest" name="gettextTest" time="15.470"/>
  <system-out/>
</testsuite> <!-- WebElementConcept.getTextTest -->
