<?xml version="1.0" encoding="UTF-8"?>
<!-- Generated by org.testng.reporters.JUnitReportReporter -->
<testsuite hostname="LAPTOP-LITN17IS" failures="0" tests="1" name="ActionsClassConcept.keyboardActionsTest" time="27.593" errors="0" timestamp="2025-08-14T14:30:58 IST" skipped="0">
  <testcase classname="ActionsClassConcept.keyboardActionsTest" name="scrollingTest" time="27.593"/>
  <system-out/>
</testsuite> <!-- ActionsClassConcept.keyboardActionsTest -->
