<?xml version="1.0" encoding="UTF-8"?>
<!-- Generated by org.testng.reporters.JUnitReportReporter -->
<testsuite hostname="LAPTOP-LITN17IS" failures="0" tests="1" name="JavascriptExecutor_conecpt.ScrollTo_JSExecutor" time="27.010" errors="0" timestamp="2025-09-08T15:18:01 IST" skipped="0">
  <testcase classname="JavascriptExecutor_conecpt.ScrollTo_JSExecutor" name="ScrollTo_method" time="27.010"/>
  <system-out/>
</testsuite> <!-- JavascriptExecutor_conecpt.ScrollTo_JSExecutor -->
