<?xml version="1.0" encoding="UTF-8"?>
<!-- Generated by org.testng.reporters.JUnitReportReporter -->
<testsuite hostname="LAPTOP-LITN17IS" failures="0" tests="1" name="popupsConcept.javascriptPopupTest" time="32.705" errors="0" timestamp="2025-09-01T15:21:03 IST" skipped="0">
  <testcase classname="popupsConcept.javascriptPopupTest" name="PromptPopupTest" time="32.705"/>
  <system-out/>
</testsuite> <!-- popupsConcept.javascriptPopupTest -->
