<?xml version="1.0" encoding="UTF-8"?>
<!-- Generated by org.testng.reporters.JUnitReportReporter -->
<testsuite hostname="LAPTOP-LITN17IS" failures="0" tests="1" name="task.amazonScreenshotTest" time="35.892" errors="0" timestamp="2025-08-08T23:15:19 IST" skipped="0">
  <testcase classname="task.amazonScreenshotTest" name="AmazonSSTest" time="35.892"/>
  <system-out/>
</testsuite> <!-- task.amazonScreenshotTest -->
