<?xml version="1.0" encoding="UTF-8"?>
<!-- Generated by org.testng.reporters.JUnitReportReporter -->
<testsuite hostname="LAPTOP-LITN17IS" failures="0" tests="1" name="task.demoAppsTest" time="15.573" errors="0" timestamp="2025-07-30T15:58:59 IST" skipped="0">
  <testcase classname="task.demoAppsTest" name="demoAppsRegisterTest" time="15.573"/>
  <system-out/>
</testsuite> <!-- task.demoAppsTest -->
