<?xml version="1.0" encoding="UTF-8"?>
<!-- Generated by org.testng.reporters.JUnitReportReporter -->
<testsuite hostname="LAPTOP-LITN17IS" failures="0" tests="4" name="TestNGconcept.loginToApplicationTest" time="39.280" errors="0" timestamp="2025-08-28T13:01:22 IST" skipped="0">
  <testcase classname="TestNGconcept.loginToApplicationTest" name="clickOnPIMTest" time="13.200"/>
  <system-out/>
  <testcase classname="TestNGconcept.loginToApplicationTest" name="clickOnTimeTest" time="8.644"/>
  <system-out/>
  <testcase classname="TestNGconcept.loginToApplicationTest" name="loginToApplicationUsernamePasswordTest" time="7.073"/>
  <system-out/>
  <testcase classname="TestNGconcept.loginToApplicationTest" name="loginToApplicationUsernamePasswordTest" time="10.363"/>
  <system-out/>
</testsuite> <!-- TestNGconcept.loginToApplicationTest -->
