<?xml version="1.0" encoding="UTF-8"?>
<!-- Generated by org.testng.reporters.JUnitReportReporter -->
<testsuite hostname="LAPTOP-LITN17IS" failures="0" tests="1" name="selectClassConcept.MultipleTest" time="15.838" errors="0" timestamp="2025-08-11T15:33:24 IST" skipped="0">
  <testcase classname="selectClassConcept.MultipleTest" name="isMultipleWebElementsTest" time="15.838"/>
  <system-out/>
</testsuite> <!-- selectClassConcept.MultipleTest -->
