<?xml version="1.0" encoding="UTF-8"?>
<!-- Generated by org.testng.reporters.JUnitReportReporter -->
<testsuite hostname="LAPTOP-LITN17IS" failures="0" tests="1" name="JavascriptExecutor_conecpt.ScrollIntoView_JSExecutor" time="77.460" errors="0" timestamp="2025-09-08T15:33:28 IST" skipped="0">
  <testcase classname="JavascriptExecutor_conecpt.ScrollIntoView_JSExecutor" name="ScrollIntoView_method" time="77.460"/>
  <system-out/>
</testsuite> <!-- JavascriptExecutor_conecpt.ScrollIntoView_JSExecutor -->
