<?xml version="1.0" encoding="UTF-8"?>
<!-- Generated by org.testng.reporters.JUnitReportReporter -->
<testsuite hostname="LAPTOP-LITN17IS" failures="0" tests="5" name="TestNGconcept.applicationParallelTest" time="170.173" errors="0" timestamp="2025-08-30T12:04:05 IST" skipped="0">
  <testcase classname="TestNGconcept.applicationParallelTest" name="FlipkartTest" time="36.643"/>
  <system-out/>
  <testcase classname="TestNGconcept.applicationParallelTest" name="AmazonTest" time="16.547"/>
  <system-out/>
  <testcase classname="TestNGconcept.applicationParallelTest" name="MyntraTest" time="44.898"/>
  <system-out/>
  <testcase classname="TestNGconcept.applicationParallelTest" name="SwiggyTest" time="34.112"/>
  <system-out/>
  <testcase classname="TestNGconcept.applicationParallelTest" name="ZomatoTest" time="37.973"/>
  <system-out/>
</testsuite> <!-- TestNGconcept.applicationParallelTest -->
