<?xml version="1.0" encoding="UTF-8"?>
<!-- Generated by org.testng.reporters.JUnitReportReporter -->
<testsuite hostname="LAPTOP-LITN17IS" failures="0" tests="1" name="task.ajioScreenshotTest" time="38.145" errors="0" timestamp="2025-08-08T23:01:41 IST" skipped="0">
  <testcase classname="task.ajioScreenshotTest" name="AjioSSTest" time="38.145"/>
  <system-out/>
</testsuite> <!-- task.ajioScreenshotTest -->
