<?xml version="1.0" encoding="UTF-8"?>
<!-- Generated by org.testng.reporters.JUnitReportReporter -->
<testsuite hostname="LAPTOP-LITN17IS" failures="0" tests="1" name="DDT.propertyFileTest" time="12.085" errors="0" timestamp="2025-08-21T16:09:40 IST" skipped="0">
  <testcase classname="DDT.propertyFileTest" name="commonTest" time="12.085"/>
  <system-out/>
</testsuite> <!-- DDT.propertyFileTest -->
