<?xml version="1.0" encoding="UTF-8"?>
<!-- Generated by org.testng.reporters.JUnitReportReporter -->
<testsuite hostname="LAPTOP-LITN17IS" failures="0" tests="1" name="WebElementConcept.sendkeysTest" time="18.360" errors="0" timestamp="2025-08-06T14:46:43 IST" skipped="0">
  <testcase classname="WebElementConcept.sendkeysTest" name="sendKeysTest" time="18.360"/>
  <system-out/>
</testsuite> <!-- WebElementConcept.sendkeysTest -->
