<?xml version="1.0" encoding="UTF-8"?>
<!-- Generated by org.testng.reporters.JUnitReportReporter -->
<testsuite hostname="LAPTOP-LITN17IS" failures="0" tests="1" name="task.myntraTest" time="66.232" errors="0" timestamp="2025-07-30T14:14:14 IST" skipped="0">
  <testcase classname="task.myntraTest" name="watchesTest" time="66.232"/>
  <system-out/>
</testsuite> <!-- task.myntraTest -->
