<?xml version="1.0" encoding="UTF-8"?>
<!-- Generated by org.testng.reporters.JUnitReportReporter -->
<testsuite hostname="LAPTOP-LITN17IS" failures="0" tests="1" name="WebDriverConcept.findElements_Method" time="11.645" errors="0" timestamp="2025-09-03T15:52:08 IST" skipped="0">
  <testcase classname="WebDriverConcept.findElements_Method" name="FindElementsTest" time="11.645"/>
  <system-out/>
</testsuite> <!-- WebDriverConcept.findElements_Method -->
