<?xml version="1.0" encoding="UTF-8"?>
<!-- Generated by org.testng.reporters.JUnitReportReporter -->
<testsuite hostname="LAPTOP-LITN17IS" failures="0" tests="4" name="WebDriverConcept.ManageTest" time="19.210" errors="0" timestamp="2025-07-22T15:18:26 IST" skipped="0">
  <testcase classname="WebDriverConcept.ManageTest" name="setSizeTest" time="4.691"/>
  <system-out/>
  <testcase classname="WebDriverConcept.ManageTest" name="getPositionTest" time="6.847"/>
  <system-out/>
  <testcase classname="WebDriverConcept.ManageTest" name="setPositionTest" time="3.635"/>
  <system-out/>
  <testcase classname="WebDriverConcept.ManageTest" name="getsizeTest" time="4.037"/>
  <system-out/>
</testsuite> <!-- WebDriverConcept.ManageTest -->
