<?xml version="1.0" encoding="UTF-8"?>
<!-- Generated by org.testng.reporters.JUnitReportReporter -->
<testsuite hostname="LAPTOP-LITN17IS" failures="0" tests="1" name="iframeConcept.tastiframeTest" time="18.654" errors="0" timestamp="2025-08-30T16:14:35 IST" skipped="0">
  <testcase classname="iframeConcept.tastiframeTest" name="iframeTaskTest" time="18.654"/>
  <system-out/>
</testsuite> <!-- iframeConcept.tastiframeTest -->
