<?xml version="1.0" encoding="UTF-8"?>
<!-- Generated by org.testng.reporters.JUnitReportReporter -->
<testsuite hostname="LAPTOP-LITN17IS" failures="0" tests="2" name="extentReportConcept.letcodeTest" time="93.945" errors="0" timestamp="2025-08-21T13:57:26 IST" skipped="0">
  <testcase classname="extentReportConcept.letcodeTest" name="EditPageTest" time="38.645"/>
  <system-out/>
  <testcase classname="extentReportConcept.letcodeTest" name="HomePageTest" time="55.300"/>
  <system-out/>
</testsuite> <!-- extentReportConcept.letcodeTest -->
