<?xml version="1.0" encoding="UTF-8"?>
<!-- Generated by org.testng.reporters.JUnitReportReporter -->
<testsuite hostname="LAPTOP-LITN17IS" failures="0" tests="1" name="takesScreenshot.takesScreenshotTest" time="19.553" errors="0" timestamp="2025-08-07T15:55:00 IST" skipped="0">
  <testcase classname="takesScreenshot.takesScreenshotTest" name="getScreenshotTest" time="19.553"/>
  <system-out/>
</testsuite> <!-- takesScreenshot.takesScreenshotTest -->
