<?xml version="1.0" encoding="UTF-8"?>
<!-- Generated by org.testng.reporters.JUnitReportReporter -->
<testsuite hostname="LAPTOP-LITN17IS" failures="0" tests="1" name="popupsConcept.childWindowPopup" time="31.208" errors="0" timestamp="2025-09-03T15:25:29 IST" skipped="0">
  <testcase classname="popupsConcept.childWindowPopup" name="ChildWindowPopupTest" time="31.208"/>
  <system-out/>
</testsuite> <!-- popupsConcept.childWindowPopup -->
