<?xml version="1.0" encoding="UTF-8"?>
<!-- Generated by org.testng.reporters.JUnitReportReporter -->
<testsuite hostname="LAPTOP-LITN17IS" failures="0" tests="1" name="task.findElements_flipkart" time="25.212" errors="0" timestamp="2025-09-04T12:31:30 IST" skipped="0">
  <testcase classname="task.findElements_flipkart" name="FindElements_iphoneTest" time="25.212"/>
  <system-out/>
</testsuite> <!-- task.findElements_flipkart -->
