<?xml version="1.0" encoding="UTF-8"?>
<!-- Generated by org.testng.reporters.JUnitReportReporter -->
<testsuite hostname="LAPTOP-LITN17IS" failures="0" tests="1" name="popupsConcept.authenticationsPopupTest" time="20.223" errors="0" timestamp="2025-09-01T15:33:11 IST" skipped="0">
  <testcase classname="popupsConcept.authenticationsPopupTest" name="AuthenticationpopupTest" time="20.223"/>
  <system-out/>
</testsuite> <!-- popupsConcept.authenticationsPopupTest -->
