<?xml version="1.0" encoding="UTF-8"?>
<!-- Generated by org.testng.reporters.JUnitReportReporter -->
<testsuite hostname="LAPTOP-LITN17IS" failures="0" tests="1" name="DDT.ExcelFiletaskTest" time="107.033" errors="0" timestamp="2025-08-23T13:54:17 IST" skipped="0">
  <testcase classname="DDT.ExcelFiletaskTest" name="ExcelTest" time="107.033"/>
  <system-out/>
</testsuite> <!-- DDT.ExcelFiletaskTest -->
