<?xml version="1.0" encoding="UTF-8"?>
<!-- Generated by org.testng.reporters.JUnitReportReporter -->
<testsuite hostname="LAPTOP-LITN17IS" failures="0" tests="1" name="WebDriverConcept.navigateTest" time="33.272" errors="0" timestamp="2025-07-22T15:46:57 IST" skipped="0">
  <testcase classname="WebDriverConcept.navigateTest" name="navigationTest" time="33.272"/>
  <system-out/>
</testsuite> <!-- WebDriverConcept.navigateTest -->
