<?xml version="1.0" encoding="UTF-8"?>
<!-- Generated by org.testng.reporters.JUnitReportReporter -->
<testsuite hostname="LAPTOP-LITN17IS" failures="0" tests="1" name="task.orangeHrmSendkeysTest" time="36.354" errors="0" timestamp="2025-08-07T14:13:54 IST" skipped="0">
  <testcase classname="task.orangeHrmSendkeysTest" name="sendkeysTest" time="36.354"/>
  <system-out/>
</testsuite> <!-- task.orangeHrmSendkeysTest -->
