<?xml version="1.0" encoding="UTF-8"?>
<!-- Generated by org.testng.reporters.JUnitReportReporter -->
<testsuite hostname="LAPTOP-LITN17IS" failures="0" tests="1" name="JavascriptExecutor_conecpt.DisabledElement_JSE" time="10.992" errors="0" timestamp="2025-09-09T14:37:10 IST" skipped="0">
  <testcase classname="JavascriptExecutor_conecpt.DisabledElement_JSE" name="disabledElement" time="10.992"/>
  <system-out/>
</testsuite> <!-- JavascriptExecutor_conecpt.DisabledElement_JSE -->
