<?xml version="1.0" encoding="UTF-8"?>
<!-- Generated by org.testng.reporters.JUnitReportReporter -->
<testsuite hostname="LAPTOP-LITN17IS" failures="0" tests="2" name="Basic.LaunchTest" time="7.473" errors="0" timestamp="2025-07-19T13:22:03 IST" skipped="0">
  <testcase classname="Basic.LaunchTest" name="launchAppTest" time="7.471"/>
  <system-out/>
  <testcase classname="Basic.LaunchTest" name="loginToAppTest" time="0.002"/>
  <system-out/>
</testsuite> <!-- Basic.LaunchTest -->
